<?xml version="1.0" encoding="UTF-8"?>
<!-- Generated by org.testng.reporters.JUnitReportReporter -->
<testsuite hostname="LAPTOP-U4GJSEA2" failures="0" tests="3" name="com.dbclpm.group2.SFTesting" time="0.066" errors="0" timestamp="19 Apr 2022 08:54:19 GMT" skipped="0">
  <testcase classname="com.dbclpm.group2.SFTesting" name="test_storeFunctionCustomerLevelExist" time="0.032"/>
  <testcase classname="com.dbclpm.group2.SFTesting" name="test_storeFunctionCustomerLevelFromSQLStatement" time="0.013"/>
  <testcase classname="com.dbclpm.group2.SFTesting" name="test_storeFunctionCustomerLevelThroughStoreProcedure" time="0.021"/>
</testsuite> <!-- com.dbclpm.group2.SFTesting -->
