<?xml version="1.0" encoding="UTF-8"?>
<!-- Generated by org.testng.reporters.JUnitReportReporter -->
<testsuite hostname="LAPTOP-U4GJSEA2" failures="0" tests="11" name="com.dbclpm.group2.SPTesting" time="0.106" errors="0" timestamp="19 Apr 2022 07:14:02 GMT" skipped="0">
  <testcase classname="com.dbclpm.group2.SPTesting" name="test_storedProceduresSelectAllCustomerExists" time="0.031"/>
  <testcase classname="com.dbclpm.group2.SPTesting" name="test_storedProceduresSelectAllCustomerByCityExists" time="0.004"/>
  <testcase classname="com.dbclpm.group2.SPTesting" name="test_storedProceduresSelectAllCustomerByCityAndPinExists" time="0.003"/>
  <testcase classname="com.dbclpm.group2.SPTesting" name="test_storedProceduresGetOrderByCustExists" time="0.002"/>
  <testcase classname="com.dbclpm.group2.SPTesting" name="test_storedProceduresGetCustomerShippingExists" time="0.003"/>
  <testcase classname="com.dbclpm.group2.SPTesting" name="test_storedProceduresInsertSupplierProductExists" time="0.002"/>
  <testcase classname="com.dbclpm.group2.SPTesting" name="test_SelectAllCustomers" time="0.033"/>
  <testcase classname="com.dbclpm.group2.SPTesting" name="test_SelectAllCustomerByCity" time="0.008"/>
  <testcase classname="com.dbclpm.group2.SPTesting" name="test_SelectAllCustomerByCityAndPin" time="0.007"/>
  <testcase classname="com.dbclpm.group2.SPTesting" name="test_GetOrderByCust" time="0.007"/>
  <testcase classname="com.dbclpm.group2.SPTesting" name="test_GetCustomerShipping" time="0.006"/>
</testsuite> <!-- com.dbclpm.group2.SPTesting -->
